<?xml version="1.0" encoding="UTF-8"?>
<!-- Generated by org.testng.reporters.JUnitXMLReporter -->
<testsuite ignored="1" hostname="Dev-VM-6" failures="0" tests="7" name="Test" time="54.732" errors="0" timestamp="2026-02-26T10:09:26 UTC">
  <testcase classname="SynoptixAI.TestClasses.LoginTest" name="createNewAccount" time="4.076"/>
  <testcase classname="SynoptixAI.TestClasses.LoginTest" name="forgetPassword" time="6.574"/>
  <testcase classname="SynoptixAI.TestClasses.LoginTest" name="successfulLogin" time="9.691"/>
  <testcase classname="SynoptixAI.TestClasses.DataRepoTest" name="createNewRepo" time="7.277"/>
  <testcase classname="SynoptixAI.TestClasses.DataRepoTest" name="uploadDocsFile" time="8.681"/>
  <testcase classname="SynoptixAI.TestClasses.DataRepoTest" name="uploadPdfFile" time="10.197"/>
  <testcase classname="SynoptixAI.TestClasses.DataRepoTest" name="deleteRepo" time="8.124"/>
  <testcase classname="SynoptixAI.Setup.BaseSetup" name="@BeforeSuite setupSuite" time="0.0">
    <ignored/>
  </testcase> <!-- @BeforeSuite setupSuite -->
</testsuite> <!-- Test -->
