<?xml version="1.0" encoding="UTF-8"?>
<!-- Generated by org.testng.reporters.JUnitXMLReporter -->
<testsuite ignored="1" hostname="Dev-VM-6" failures="0" tests="11" name="Test" time="119.264" errors="0" timestamp="2026-03-16T08:56:58 UTC">
  <testcase classname="SynoptixAI.TestClasses.LoginTest" name="createNewAccount" time="4.806"/>
  <testcase classname="SynoptixAI.TestClasses.LoginTest" name="forgetPassword" time="4.944"/>
  <testcase classname="SynoptixAI.TestClasses.LoginTest" name="successfulLogin" time="9.407"/>
  <testcase classname="SynoptixAI.TestClasses.ConnectionsTest" name="connectSharePoint" time="22.888"/>
  <testcase classname="SynoptixAI.TestClasses.ConnectionsTest" name="connectTeams" time="5.389"/>
  <testcase classname="SynoptixAI.TestClasses.ConnectionsTest" name="connectOutlook" time="5.51"/>
  <testcase classname="SynoptixAI.TestClasses.ConnectionsTest" name="connectTeradata" time="13.786"/>
  <testcase classname="SynoptixAI.TestClasses.ConnectionsTest" name="connectTeradata" time="13.141"/>
  <testcase classname="SynoptixAI.TestClasses.ConnectionsTest" name="connectTeradata" time="13.028"/>
  <testcase classname="SynoptixAI.TestClasses.ConnectionsTest" name="connectTeradata" time="12.611"/>
  <testcase classname="SynoptixAI.TestClasses.ConnectionsTest" name="connectTeradata" time="13.64"/>
  <testcase classname="SynoptixAI.Setup.BaseSetup" name="@BeforeSuite setupSuite" time="0.0">
    <ignored/>
  </testcase> <!-- @BeforeSuite setupSuite -->
</testsuite> <!-- Test -->
