<?xml version="1.0" encoding="UTF-8"?>
<testng-results ignored="0" total="7" passed="6" failed="1" skipped="0">
  <reporter-output>
  </reporter-output>
  <suite started-at="2026-01-13T13:03:31 UTC" name="Suite" finished-at="2026-01-13T13:05:15 UTC" duration-ms="103944">
    <groups>
      <group name="login">
        <method signature="LoginTest.successfulLogin()[pri:0, instance:SynoptixAI.TestClasses.LoginTest@3857f613]" name="successfulLogin" class="SynoptixAI.TestClasses.LoginTest"/>
      </group> <!-- login -->
    </groups>
    <test started-at="2026-01-13T13:03:31 UTC" name="Test" finished-at="2026-01-13T13:05:15 UTC" duration-ms="103944">
      <class name="SynoptixAI.TestClasses.LoginTest">
        <test-method is-config="true" signature="setupSuite()[pri:0, instance:SynoptixAI.TestClasses.LoginTest@3857f613]" started-at="2026-01-13T13:03:23 UTC" name="setupSuite" finished-at="2026-01-13T13:03:31 UTC" duration-ms="8500" status="PASS">
          <reporter-output>
          </reporter-output>
        </test-method> <!-- setupSuite -->
        <test-method signature="successfulLogin()[pri:0, instance:SynoptixAI.TestClasses.LoginTest@3857f613]" started-at="2026-01-13T13:03:31 UTC" name="successfulLogin" finished-at="2026-01-13T13:03:32 UTC" duration-ms="460" status="PASS">
          <reporter-output>
          </reporter-output>
        </test-method> <!-- successfulLogin -->
      </class> <!-- SynoptixAI.TestClasses.LoginTest -->
      <class name="SynoptixAI.TestClasses.PromptLibraryTest">
        <test-method is-config="true" signature="setUpObject()[pri:0, instance:SynoptixAI.TestClasses.PromptLibraryTest@4d1c00d0]" started-at="2026-01-13T13:03:32 UTC" name="setUpObject" finished-at="2026-01-13T13:03:32 UTC" duration-ms="21" status="PASS">
          <reporter-output>
          </reporter-output>
        </test-method> <!-- setUpObject -->
        <test-method signature="createPrompt()[pri:5, instance:SynoptixAI.TestClasses.PromptLibraryTest@4d1c00d0]" started-at="2026-01-13T13:03:32 UTC" name="createPrompt" finished-at="2026-01-13T13:03:46 UTC" duration-ms="14398" status="PASS">
          <reporter-output>
          </reporter-output>
        </test-method> <!-- createPrompt -->
        <test-method signature="editPrompt()[pri:6, instance:SynoptixAI.TestClasses.PromptLibraryTest@4d1c00d0]" started-at="2026-01-13T13:03:46 UTC" name="editPrompt" finished-at="2026-01-13T13:03:49 UTC" duration-ms="2622" status="PASS">
          <reporter-output>
          </reporter-output>
        </test-method> <!-- editPrompt -->
        <test-method signature="deletePrompt()[pri:7, instance:SynoptixAI.TestClasses.PromptLibraryTest@4d1c00d0]" started-at="2026-01-13T13:03:49 UTC" name="deletePrompt" finished-at="2026-01-13T13:03:52 UTC" duration-ms="2899" status="PASS">
          <reporter-output>
          </reporter-output>
        </test-method> <!-- deletePrompt -->
      </class> <!-- SynoptixAI.TestClasses.PromptLibraryTest -->
      <class name="SynoptixAI.TestClasses.MyAgentsTest">
        <test-method is-config="true" signature="setUpObject()[pri:0, instance:SynoptixAI.TestClasses.MyAgentsTest@4b2bac3f]" started-at="2026-01-13T13:03:52 UTC" name="setUpObject" finished-at="2026-01-13T13:03:52 UTC" duration-ms="23" status="PASS">
          <reporter-output>
          </reporter-output>
        </test-method> <!-- setUpObject -->
        <test-method signature="createAgent()[pri:10, instance:SynoptixAI.TestClasses.MyAgentsTest@4b2bac3f]" started-at="2026-01-13T13:03:52 UTC" name="createAgent" finished-at="2026-01-13T13:04:29 UTC" duration-ms="37501" status="FAIL">
          <exception class="org.openqa.selenium.TimeoutException">
            <message>
              <![CDATA[Expected condition failed: waiting for visibility of element located by By.xpath: //*[contains(text(),'successfully') or contains(text(),'Success') or contains(text(),'deployed')] (tried for 30 second(s) with 500 milliseconds interval)
Build info: version: '4.25.0', revision: '8a8aea2337'
System info: os.name: 'Windows 11', os.arch: 'amd64', os.version: '10.0', java.version: '21.0.9'
Driver info: org.openqa.selenium.chrome.ChromeDriver
Capabilities {acceptInsecureCerts: false, browserName: chrome, browserVersion: 143.0.7499.193, chrome: {chromedriverVersion: 143.0.7499.192 (be2c1f4fd45..., userDataDir: C:\Users\ISHAAK~1\AppData\L...}, fedcm:accounts: true, goog:chromeOptions: {debuggerAddress: localhost:53756}, goog:processID: 5712, networkConnectionEnabled: false, pageLoadStrategy: normal, platformName: windows, proxy: Proxy(), se:cdp: ws://localhost:53756/devtoo..., se:cdpVersion: 143.0.7499.193, setWindowRect: true, strictFileInteractability: false, timeouts: {implicit: 0, pageLoad: 300000, script: 30000}, unhandledPromptBehavior: dismiss and notify, webauthn:extension:credBlob: true, webauthn:extension:largeBlob: true, webauthn:extension:minPinLength: true, webauthn:extension:prf: true, webauthn:virtualAuthenticators: true}
Session ID: e6bb0e08c6d6f16435eab7f68a0a2786]]>
            </message>
            <full-stacktrace>
              <![CDATA[org.openqa.selenium.TimeoutException: Expected condition failed: waiting for visibility of element located by By.xpath: //*[contains(text(),'successfully') or contains(text(),'Success') or contains(text(),'deployed')] (tried for 30 second(s) with 500 milliseconds interval)
Build info: version: '4.25.0', revision: '8a8aea2337'
System info: os.name: 'Windows 11', os.arch: 'amd64', os.version: '10.0', java.version: '21.0.9'
Driver info: org.openqa.selenium.chrome.ChromeDriver
Capabilities {acceptInsecureCerts: false, browserName: chrome, browserVersion: 143.0.7499.193, chrome: {chromedriverVersion: 143.0.7499.192 (be2c1f4fd45..., userDataDir: C:\Users\ISHAAK~1\AppData\L...}, fedcm:accounts: true, goog:chromeOptions: {debuggerAddress: localhost:53756}, goog:processID: 5712, networkConnectionEnabled: false, pageLoadStrategy: normal, platformName: windows, proxy: Proxy(), se:cdp: ws://localhost:53756/devtoo..., se:cdpVersion: 143.0.7499.193, setWindowRect: true, strictFileInteractability: false, timeouts: {implicit: 0, pageLoad: 300000, script: 30000}, unhandledPromptBehavior: dismiss and notify, webauthn:extension:credBlob: true, webauthn:extension:largeBlob: true, webauthn:extension:minPinLength: true, webauthn:extension:prf: true, webauthn:virtualAuthenticators: true}
Session ID: e6bb0e08c6d6f16435eab7f68a0a2786
at org.openqa.selenium.support.ui.WebDriverWait.timeoutException(WebDriverWait.java:84)
at org.openqa.selenium.support.ui.FluentWait.until(FluentWait.java:228)
at SynoptixAI.Pages.MyAgents.agentCreation(MyAgents.java:91)
at SynoptixAI.TestClasses.MyAgentsTest.createAgent(MyAgentsTest.java:24)
at java.base/jdk.internal.reflect.DirectMethodHandleAccessor.invoke(DirectMethodHandleAccessor.java:103)
at java.base/java.lang.reflect.Method.invoke(Method.java:580)
at org.testng.internal.invokers.MethodInvocationHelper.invokeMethod(MethodInvocationHelper.java:141)
at org.testng.internal.invokers.TestInvoker.invokeMethod(TestInvoker.java:687)
at org.testng.internal.invokers.TestInvoker.invokeTestMethod(TestInvoker.java:230)
at org.testng.internal.invokers.MethodRunner.runInSequence(MethodRunner.java:63)
at org.testng.internal.invokers.TestInvoker$MethodInvocationAgent.invoke(TestInvoker.java:995)
at org.testng.internal.invokers.TestInvoker.invokeTestMethods(TestInvoker.java:203)
at org.testng.internal.invokers.TestMethodWorker.invokeTestMethods(TestMethodWorker.java:154)
at org.testng.internal.invokers.TestMethodWorker.run(TestMethodWorker.java:134)
at java.base/java.util.ArrayList.forEach(ArrayList.java:1596)
at org.testng.TestRunner.privateRun(TestRunner.java:741)
at org.testng.TestRunner.run(TestRunner.java:616)
at org.testng.SuiteRunner.runTest(SuiteRunner.java:421)
at org.testng.SuiteRunner.runSequentially(SuiteRunner.java:413)
at org.testng.SuiteRunner.privateRun(SuiteRunner.java:373)
at org.testng.SuiteRunner.run(SuiteRunner.java:312)
at org.testng.SuiteRunnerWorker.runSuite(SuiteRunnerWorker.java:52)
at org.testng.SuiteRunnerWorker.run(SuiteRunnerWorker.java:95)
at org.testng.TestNG.runSuitesSequentially(TestNG.java:1274)
at org.testng.TestNG.runSuitesLocally(TestNG.java:1208)
at org.testng.TestNG.runSuites(TestNG.java:1112)
at org.testng.TestNG.run(TestNG.java:1079)
at org.testng.remote.AbstractRemoteTestNG.run(AbstractRemoteTestNG.java:115)
at org.testng.remote.RemoteTestNG.initAndRun(RemoteTestNG.java:293)
at org.testng.remote.RemoteTestNG.main(RemoteTestNG.java:91)
]]>
            </full-stacktrace>
          </exception> <!-- org.openqa.selenium.TimeoutException -->
          <reporter-output>
          </reporter-output>
        </test-method> <!-- createAgent -->
        <test-method signature="editAgent()[pri:11, instance:SynoptixAI.TestClasses.MyAgentsTest@4b2bac3f]" started-at="2026-01-13T13:04:29 UTC" name="editAgent" finished-at="2026-01-13T13:05:08 UTC" duration-ms="38957" status="PASS">
          <reporter-output>
          </reporter-output>
        </test-method> <!-- editAgent -->
        <test-method signature="deleteAgent()[pri:12, instance:SynoptixAI.TestClasses.MyAgentsTest@4b2bac3f]" started-at="2026-01-13T13:05:08 UTC" name="deleteAgent" finished-at="2026-01-13T13:05:15 UTC" duration-ms="7004" status="PASS">
          <reporter-output>
          </reporter-output>
        </test-method> <!-- deleteAgent -->
      </class> <!-- SynoptixAI.TestClasses.MyAgentsTest -->
    </test> <!-- Test -->
  </suite> <!-- Suite -->
</testng-results>
