<?xml version="1.0" encoding="UTF-8"?>
<!-- Generated by org.testng.reporters.JUnitReportReporter -->
<testsuite hostname="Dev-VM-6" failures="0" tests="8" name="SynoptixAI.TestClasses.ConnectionsTest" time="99.993" errors="0" timestamp="2026-03-16T08:56:58 UTC" skipped="0">
  <testcase classname="SynoptixAI.TestClasses.ConnectionsTest" name="connectSharePoint" time="22.888"/>
  <testcase classname="SynoptixAI.TestClasses.ConnectionsTest" name="connectTeams" time="5.389"/>
  <testcase classname="SynoptixAI.TestClasses.ConnectionsTest" name="connectOutlook" time="5.510"/>
  <testcase classname="SynoptixAI.TestClasses.ConnectionsTest" name="connectTeradata" time="13.786"/>
  <testcase classname="SynoptixAI.TestClasses.ConnectionsTest" name="connectTeradata" time="13.640"/>
  <testcase classname="SynoptixAI.TestClasses.ConnectionsTest" name="connectTeradata" time="13.028"/>
  <testcase classname="SynoptixAI.TestClasses.ConnectionsTest" name="connectTeradata" time="13.141"/>
  <testcase classname="SynoptixAI.TestClasses.ConnectionsTest" name="connectTeradata" time="12.611"/>
</testsuite> <!-- SynoptixAI.TestClasses.ConnectionsTest -->
