<?xml version="1.0" encoding="UTF-8"?>
<!-- Generated by org.testng.reporters.JUnitReportReporter -->
<testsuite hostname="Dev-VM-6" failures="0" tests="2" name="SynoptixAI.TestClasses.SignUpTest" time="8.674" errors="0" timestamp="2026-06-08T09:00:11 UTC" skipped="0">
  <testcase classname="SynoptixAI.TestClasses.SignUpTest" name="createNewAccount" time="4.615"/>
  <testcase classname="SynoptixAI.TestClasses.SignUpTest" name="forgetPassword" time="4.059"/>
</testsuite> <!-- SynoptixAI.TestClasses.SignUpTest -->
