<?xml version="1.0" encoding="UTF-8"?>
<!-- Generated by org.testng.reporters.JUnitReportReporter -->
<testsuite hostname="Dev-VM-6" failures="0" tests="2" name="SynoptixAI.TestClasses.ProfileMenuTest" time="13.165" errors="0" timestamp="2026-03-10T19:04:22 UTC" skipped="0">
  <testcase classname="SynoptixAI.TestClasses.ProfileMenuTest" name="reportABug" time="7.599"/>
  <testcase classname="SynoptixAI.TestClasses.ProfileMenuTest" name="giveAIinstructions" time="5.566"/>
</testsuite> <!-- SynoptixAI.TestClasses.ProfileMenuTest -->
