<?xml version="1.0" encoding="UTF-8"?>
<!-- Generated by org.testng.reporters.JUnitReportReporter -->
<testsuite hostname="Dev-VM-6" failures="0" tests="11" name="SynoptixAI.TestClasses.SearchTest" time="71.960" errors="0" timestamp="2026-06-08T09:00:11 UTC" skipped="0">
  <testcase classname="SynoptixAI.TestClasses.SearchTest" name="docsFileUpload" time="6.194"/>
  <testcase classname="SynoptixAI.TestClasses.SearchTest" name="pdfFileUpload" time="9.218"/>
  <testcase classname="SynoptixAI.TestClasses.SearchTest" name="pngFileUpload" time="7.640"/>
  <testcase classname="SynoptixAI.TestClasses.SearchTest" name="jpgFileUpload" time="8.706"/>
  <testcase classname="SynoptixAI.TestClasses.SearchTest" name="xlsxFileUpload" time="5.580"/>
  <testcase classname="SynoptixAI.TestClasses.SearchTest" name="csvFileUpload" time="5.587"/>
  <testcase classname="SynoptixAI.TestClasses.SearchTest" name="pptFileUpload" time="5.606"/>
  <testcase classname="SynoptixAI.TestClasses.SearchTest" name="txtFileUpload" time="5.581"/>
  <testcase classname="SynoptixAI.TestClasses.SearchTest" name="htmlFileUpload" time="5.699"/>
  <testcase classname="SynoptixAI.TestClasses.SearchTest" name="editHistory" time="6.174"/>
  <testcase classname="SynoptixAI.TestClasses.SearchTest" name="deleteHistory" time="5.975"/>
</testsuite> <!-- SynoptixAI.TestClasses.SearchTest -->
