<?xml version="1.0" encoding="UTF-8"?>
<!-- Generated by org.testng.reporters.JUnitReportReporter -->
<testsuite hostname="Dev-VM-6" failures="0" tests="3" name="SynoptixAI.TestClasses.PromptLibraryTest" time="14.207" errors="0" timestamp="2026-02-25T09:47:29 UTC" skipped="0">
  <testcase classname="SynoptixAI.TestClasses.PromptLibraryTest" name="createPrompt" time="7.414"/>
  <testcase classname="SynoptixAI.TestClasses.PromptLibraryTest" name="editPrompt" time="2.620"/>
  <testcase classname="SynoptixAI.TestClasses.PromptLibraryTest" name="deletePrompt" time="4.173"/>
</testsuite> <!-- SynoptixAI.TestClasses.PromptLibraryTest -->
