<?xml version="1.0" encoding="UTF-8"?>
<!-- Generated by org.testng.reporters.JUnitReportReporter -->
<testsuite hostname="Dev-VM-6" failures="0" tests="4" name="SynoptixAI.TestClasses.DataRepoTest" time="34.279" errors="0" timestamp="2026-02-26T10:09:26 UTC" skipped="0">
  <testcase classname="SynoptixAI.TestClasses.DataRepoTest" name="createNewRepo" time="7.277"/>
  <testcase classname="SynoptixAI.TestClasses.DataRepoTest" name="uploadDocsFile" time="8.681"/>
  <testcase classname="SynoptixAI.TestClasses.DataRepoTest" name="uploadPdfFile" time="10.197"/>
  <testcase classname="SynoptixAI.TestClasses.DataRepoTest" name="deleteRepo" time="8.124"/>
</testsuite> <!-- SynoptixAI.TestClasses.DataRepoTest -->
