<?xml version="1.0" encoding="UTF-8"?>
<!-- Generated by org.testng.reporters.JUnitReportReporter -->
<testsuite hostname="Dev-VM-6" failures="0" tests="11" name="SynoptixAI.TestClasses.DataRepoTest" time="76.520" errors="0" timestamp="2026-04-02T12:27:22 UTC" skipped="0">
  <testcase classname="SynoptixAI.TestClasses.DataRepoTest" name="createNewRepo" time="6.728"/>
  <testcase classname="SynoptixAI.TestClasses.DataRepoTest" name="docsFileUpload" time="6.877"/>
  <testcase classname="SynoptixAI.TestClasses.DataRepoTest" name="pdfFileUpload" time="8.810"/>
  <testcase classname="SynoptixAI.TestClasses.DataRepoTest" name="pngFileUpload" time="7.817"/>
  <testcase classname="SynoptixAI.TestClasses.DataRepoTest" name="jpgFileUpload" time="8.838"/>
  <testcase classname="SynoptixAI.TestClasses.DataRepoTest" name="xlsxFileUpload" time="5.765"/>
  <testcase classname="SynoptixAI.TestClasses.DataRepoTest" name="csvFileUpload" time="6.285"/>
  <testcase classname="SynoptixAI.TestClasses.DataRepoTest" name="pptFileUpload" time="5.781"/>
  <testcase classname="SynoptixAI.TestClasses.DataRepoTest" name="txtFileUpload" time="5.766"/>
  <testcase classname="SynoptixAI.TestClasses.DataRepoTest" name="htmlFileUpload" time="5.781"/>
  <testcase classname="SynoptixAI.TestClasses.DataRepoTest" name="deleteRepo" time="8.072"/>
</testsuite> <!-- SynoptixAI.TestClasses.DataRepoTest -->
