<?xml version="1.0" encoding="UTF-8"?>
<!-- Generated by org.testng.reporters.JUnitReportReporter -->
<testsuite hostname="Dev-VM-6" failures="0" tests="3" name="SynoptixAI.TestClasses.PromptLibraryTest" time="13.505" errors="0" timestamp="2026-03-10T19:04:22 UTC" skipped="0">
  <testcase classname="SynoptixAI.TestClasses.PromptLibraryTest" name="createPrompt" time="7.551"/>
  <testcase classname="SynoptixAI.TestClasses.PromptLibraryTest" name="editPrompt" time="2.720"/>
  <testcase classname="SynoptixAI.TestClasses.PromptLibraryTest" name="deletePrompt" time="3.234"/>
</testsuite> <!-- SynoptixAI.TestClasses.PromptLibraryTest -->
