<?xml version="1.0" encoding="UTF-8"?>
<!-- Generated by org.testng.reporters.JUnitReportReporter -->
<testsuite hostname="Dev-VM-6" failures="0" tests="3" name="SynoptixAI.TestClasses.ConnectionsTest" time="27.792" errors="0" timestamp="2026-02-25T09:47:29 UTC" skipped="0">
  <testcase classname="SynoptixAI.TestClasses.ConnectionsTest" name="connectSharePoint" time="17.358"/>
  <testcase classname="SynoptixAI.TestClasses.ConnectionsTest" name="connectTeams" time="5.474"/>
  <testcase classname="SynoptixAI.TestClasses.ConnectionsTest" name="connectOutlook" time="4.960"/>
</testsuite> <!-- SynoptixAI.TestClasses.ConnectionsTest -->
