<?xml version="1.0" encoding="UTF-8"?>
<!-- Generated by org.testng.reporters.JUnitReportReporter -->
<testsuite hostname="Dev-VM-6" failures="0" tests="3" name="SynoptixAI.TestClasses.LoginTest" time="19.157" errors="0" timestamp="2026-03-16T08:56:58 UTC" skipped="0">
  <testcase classname="SynoptixAI.TestClasses.LoginTest" name="createNewAccount" time="4.806"/>
  <testcase classname="SynoptixAI.TestClasses.LoginTest" name="forgetPassword" time="4.944"/>
  <testcase classname="SynoptixAI.TestClasses.LoginTest" name="successfulLogin" time="9.407"/>
</testsuite> <!-- SynoptixAI.TestClasses.LoginTest -->
