<?xml version="1.0" encoding="UTF-8"?>
<!-- Generated by org.testng.reporters.JUnitReportReporter -->
<testsuite hostname="devVM-7" failures="0" tests="2" name="SynoptixAI.TestClasses.OutlookTest" time="21.660" errors="0" timestamp="2025-10-15T06:02:06 UTC" skipped="0">
  <testcase classname="SynoptixAI.TestClasses.OutlookTest" name="generateMeetingLink" time="10.486"/>
  <testcase classname="SynoptixAI.TestClasses.OutlookTest" name="draftNewEmail" time="11.174"/>
</testsuite> <!-- SynoptixAI.TestClasses.OutlookTest -->
