<?xml version="1.0" encoding="UTF-8"?>
<!-- Generated by org.testng.reporters.JUnitReportReporter -->
<testsuite hostname="Dev-VM-6" failures="0" tests="2" name="SynoptixAI.TestClasses.ProfileMenuTest" time="12.019" errors="0" timestamp="2026-05-13T05:41:10 UTC" skipped="0">
  <testcase classname="SynoptixAI.TestClasses.ProfileMenuTest" name="reportABug" time="6.366"/>
  <testcase classname="SynoptixAI.TestClasses.ProfileMenuTest" name="giveAIinstructions" time="5.653"/>
</testsuite> <!-- SynoptixAI.TestClasses.ProfileMenuTest -->
