<?xml version="1.0" encoding="UTF-8"?>
<!-- Generated by org.testng.reporters.JUnitReportReporter -->
<testsuite hostname="Dev-VM-6" failures="0" tests="2" name="SynoptixAI.TestClasses.OutlookTest" time="42.593" errors="0" timestamp="2025-11-11T07:09:01 UTC" skipped="0">
  <testcase classname="SynoptixAI.TestClasses.OutlookTest" name="generateMeetingLink" time="14.644"/>
  <testcase classname="SynoptixAI.TestClasses.OutlookTest" name="draftNewEmail" time="27.949"/>
</testsuite> <!-- SynoptixAI.TestClasses.OutlookTest -->
