<?xml version="1.0" encoding="UTF-8"?>
<!-- Generated by org.testng.reporters.JUnitReportReporter -->
<testsuite hostname="Dev-VM-6" failures="0" tests="3" name="SynoptixAI.TestClasses.LoginTest" time="20.341" errors="0" timestamp="2026-02-26T10:09:26 UTC" skipped="0">
  <testcase classname="SynoptixAI.TestClasses.LoginTest" name="createNewAccount" time="4.076"/>
  <testcase classname="SynoptixAI.TestClasses.LoginTest" name="forgetPassword" time="6.574"/>
  <testcase classname="SynoptixAI.TestClasses.LoginTest" name="successfulLogin" time="9.691"/>
</testsuite> <!-- SynoptixAI.TestClasses.LoginTest -->
